# JRE version: Java(TM) SE Runtime Environment (9.0+11) (build 9.0.4+11)
# Java VM: Java HotSpot(TM) 64-Bit Server VM (9.0.4+11, mixed mode, tiered, compressed oops, g1 gc, windows-amd64)
Heap:
 garbage-first heap   total 306176K, used 124707K [0x0000000700000000, 0x0000000700100958, 0x00000007c0000000)
  region size 1024K, 34 young (34816K), 3 survivors (3072K)
 Metaspace       used 86122K, capacity 88824K, committed 95408K, reserved 1132544K
  class space    used 11072K, capacity 11618K, committed 12976K, reserved 1048576K
GC Heap History (10 events):
Event: 4322.690 GC heap before
{Heap before GC invocations=1229 (full 352):
 garbage-first heap   total 306176K, used 152785K [0x0000000700000000, 0x0000000700100958, 0x00000007c0000000)
  region size 1024K, 60 young (61440K), 2 survivors (2048K)
 Metaspace       used 86112K, capacity 88824K, committed 95408K, reserved 1132544K
  class space    used 11072K, capacity 11618K, committed 12976K, reserved 1048576K
}
Event: 4322.692 GC heap after
{Heap after GC invocations=1230 (full 352):
 garbage-first heap   total 306176K, used 93048K [0x0000000700000000, 0x0000000700100958, 0x00000007c0000000)
  region size 1024K, 2 young (2048K), 2 survivors (2048K)
 Metaspace       used 86112K, capacity 88824K, committed 95408K, reserved 1132544K
  class space    used 11072K, capacity 11618K, committed 12976K, reserved 1048576K
}
Event: 4344.565 GC heap before
{Heap before GC invocations=1230 (full 352):
 garbage-first heap   total 306176K, used 152440K [0x0000000700000000, 0x0000000700100958, 0x00000007c0000000)
  region size 1024K, 60 young (61440K), 2 survivors (2048K)
 Metaspace       used 86112K, capacity 88824K, committed 95408K, reserved 1132544K
  class space    used 11072K, capacity 11618K, committed 12976K, reserved 1048576K
}
Event: 4344.572 GC heap after
{Heap after GC invocations=1231 (full 352):
 garbage-first heap   total 306176K, used 93879K [0x0000000700000000, 0x0000000700100958, 0x00000007c0000000)
  region size 1024K, 3 young (3072K), 3 survivors (3072K)
 Metaspace       used 86112K, capacity 88824K, committed 95408K, reserved 1132544K
  class space    used 11072K, capacity 11618K, committed 12976K, reserved 1048576K
}
Event: 4345.215 GC heap before
{Heap before GC invocations=1231 (full 352):
 garbage-first heap   total 306176K, used 152247K [0x0000000700000000, 0x0000000700100958, 0x00000007c0000000)
  region size 1024K, 60 young (61440K), 3 survivors (3072K)
 Metaspace       used 86114K, capacity 88824K, committed 95408K, reserved 1132544K
  class space    used 11072K, capacity 11618K, committed 12976K, reserved 1048576K
}
Event: 4345.218 GC heap after
{Heap after GC invocations=1232 (full 352):
 garbage-first heap   total 306176K, used 93119K [0x0000000700000000, 0x0000000700100958, 0x00000007c0000000)
  region size 1024K, 2 young (2048K), 2 survivors (2048K)
 Metaspace       used 86114K, capacity 88824K, committed 95408K, reserved 1132544K
  class space    used 11072K, capacity 11618K, committed 12976K, reserved 1048576K
}
Event: 4346.617 GC heap before
{Heap before GC invocations=1232 (full 352):
 garbage-first heap   total 306176K, used 152511K [0x0000000700000000, 0x0000000700100958, 0x00000007c0000000)
  region size 1024K, 60 young (61440K), 2 survivors (2048K)
 Metaspace       used 86114K, capacity 88824K, committed 95408K, reserved 1132544K
  class space    used 11072K, capacity 11618K, committed 12976K, reserved 1048576K
}
Event: 4346.620 GC heap after
{Heap after GC invocations=1233 (full 352):
 garbage-first heap   total 306176K, used 93963K [0x0000000700000000, 0x0000000700100958, 0x00000007c0000000)
  region size 1024K, 3 young (3072K), 3 survivors (3072K)
 Metaspace       used 86114K, capacity 88824K, committed 95408K, reserved 1132544K
  class space    used 11072K, capacity 11618K, committed 12976K, reserved 1048576K
}
Event: 4348.149 GC heap before
{Heap before GC invocations=1233 (full 352):
 garbage-first heap   total 306176K, used 152331K [0x0000000700000000, 0x0000000700100958, 0x00000007c0000000)
  region size 1024K, 60 young (61440K), 3 survivors (3072K)
 Metaspace       used 86122K, capacity 88824K, committed 95408K, reserved 1132544K
  class space    used 11072K, capacity 11618K, committed 12976K, reserved 1048576K
}
Event: 4348.153 GC heap after
{Heap after GC invocations=1234 (full 352):
 garbage-first heap   total 306176K, used 93987K [0x0000000700000000, 0x0000000700100958, 0x00000007c0000000)
  region size 1024K, 3 young (3072K), 3 survivors (3072K)
 Metaspace       used 86122K, capacity 88824K, committed 95408K, reserved 1132544K
  class space    used 11072K, capacity 11618K, committed 12976K, reserved 1048576K
}

