# JRE version: Java(TM) SE Runtime Environment (9.0+11) (build 9.0.4+11)
# Java VM: Java HotSpot(TM) 64-Bit Server VM (9.0.4+11, mixed mode, tiered, compressed oops, g1 gc, windows-amd64)
Heap:
 garbage-first heap   total 290816K, used 142097K [0x0000000700000000, 0x00000007001008e0, 0x00000007c0000000)
  region size 1024K, 54 young (55296K), 0 survivors (0K)
 Metaspace       used 83472K, capacity 89482K, committed 89648K, reserved 1126400K
  class space    used 11030K, capacity 12075K, committed 12080K, reserved 1048576K
GC Heap History (10 events):
Event: 1967.010 GC heap before
{Heap before GC invocations=669 (full 278):
 garbage-first heap   total 290816K, used 96845K [0x0000000700000000, 0x00000007001008e0, 0x00000007c0000000)
  region size 1024K, 10 young (10240K), 0 survivors (0K)
 Metaspace       used 83452K, capacity 89482K, committed 89648K, reserved 1126400K
  class space    used 11030K, capacity 12075K, committed 12080K, reserved 1048576K
}
Event: 1967.195 GC heap after
{Heap after GC invocations=670 (full 279):
 garbage-first heap   total 290816K, used 87690K [0x0000000700000000, 0x00000007001008e0, 0x00000007c0000000)
  region size 1024K, 0 young (0K), 0 survivors (0K)
 Metaspace       used 83452K, capacity 89482K, committed 89648K, reserved 1126400K
  class space    used 11030K, capacity 12075K, committed 12080K, reserved 1048576K
}
Event: 1967.446 GC heap before
{Heap before GC invocations=670 (full 279):
 garbage-first heap   total 290816K, used 89738K [0x0000000700000000, 0x00000007001008e0, 0x00000007c0000000)
  region size 1024K, 3 young (3072K), 0 survivors (0K)
 Metaspace       used 83452K, capacity 89482K, committed 89648K, reserved 1126400K
  class space    used 11030K, capacity 12075K, committed 12080K, reserved 1048576K
}
Event: 1967.625 GC heap after
{Heap after GC invocations=671 (full 280):
 garbage-first heap   total 290816K, used 87597K [0x0000000700000000, 0x00000007001008e0, 0x00000007c0000000)
  region size 1024K, 0 young (0K), 0 survivors (0K)
 Metaspace       used 83452K, capacity 89482K, committed 89648K, reserved 1126400K
  class space    used 11030K, capacity 12075K, committed 12080K, reserved 1048576K
}
Event: 1967.965 GC heap before
{Heap before GC invocations=671 (full 280):
 garbage-first heap   total 290816K, used 90669K [0x0000000700000000, 0x00000007001008e0, 0x00000007c0000000)
  region size 1024K, 4 young (4096K), 0 survivors (0K)
 Metaspace       used 83452K, capacity 89482K, committed 89648K, reserved 1126400K
  class space    used 11030K, capacity 12075K, committed 12080K, reserved 1048576K
}
Event: 1968.155 GC heap after
{Heap after GC invocations=672 (full 281):
 garbage-first heap   total 290816K, used 87642K [0x0000000700000000, 0x00000007001008e0, 0x00000007c0000000)
  region size 1024K, 0 young (0K), 0 survivors (0K)
 Metaspace       used 83452K, capacity 89482K, committed 89648K, reserved 1126400K
  class space    used 11030K, capacity 12075K, committed 12080K, reserved 1048576K
}
Event: 1979.910 GC heap before
{Heap before GC invocations=672 (full 281):
 garbage-first heap   total 290816K, used 149082K [0x0000000700000000, 0x00000007001008e0, 0x00000007c0000000)
  region size 1024K, 60 young (61440K), 0 survivors (0K)
 Metaspace       used 83453K, capacity 89482K, committed 89648K, reserved 1126400K
  class space    used 11030K, capacity 12075K, committed 12080K, reserved 1048576K
}
Event: 1979.916 GC heap after
{Heap after GC invocations=673 (full 281):
 garbage-first heap   total 290816K, used 88913K [0x0000000700000000, 0x00000007001008e0, 0x00000007c0000000)
  region size 1024K, 2 young (2048K), 2 survivors (2048K)
 Metaspace       used 83453K, capacity 89482K, committed 89648K, reserved 1126400K
  class space    used 11030K, capacity 12075K, committed 12080K, reserved 1048576K
}
Event: 1983.090 GC heap before
{Heap before GC invocations=673 (full 281):
 garbage-first heap   total 290816K, used 139089K [0x0000000700000000, 0x00000007001008e0, 0x00000007c0000000)
  region size 1024K, 49 young (50176K), 2 survivors (2048K)
 Metaspace       used 83454K, capacity 89482K, committed 89648K, reserved 1126400K
  class space    used 11030K, capacity 12075K, committed 12080K, reserved 1048576K
}
Event: 1983.277 GC heap after
{Heap after GC invocations=674 (full 282):
 garbage-first heap   total 290816K, used 87825K [0x0000000700000000, 0x00000007001008e0, 0x00000007c0000000)
  region size 1024K, 0 young (0K), 0 survivors (0K)
 Metaspace       used 83454K, capacity 89482K, committed 89648K, reserved 1126400K
  class space    used 11030K, capacity 12075K, committed 12080K, reserved 1048576K
}

