# JRE version: Java(TM) SE Runtime Environment (9.0+11) (build 9.0.4+11)
# Java VM: Java HotSpot(TM) 64-Bit Server VM (9.0.4+11, mixed mode, tiered, compressed oops, g1 gc, windows-amd64)
Heap:
 garbage-first heap   total 331776K, used 110601K [0x0000000700000000, 0x0000000700100a20, 0x00000007c0000000)
  region size 1024K, 8 young (8192K), 2 survivors (2048K)
 Metaspace       used 82777K, capacity 88830K, committed 89136K, reserved 1126400K
  class space    used 11176K, capacity 12239K, committed 12336K, reserved 1048576K
GC Heap History (10 events):
Event: 344.308 GC heap before
{Heap before GC invocations=290 (full 30):
 garbage-first heap   total 331776K, used 165289K [0x0000000700000000, 0x0000000700100a20, 0x00000007c0000000)
  region size 1024K, 60 young (61440K), 1 survivors (1024K)
 Metaspace       used 82726K, capacity 88760K, committed 88880K, reserved 1126400K
  class space    used 11175K, capacity 12238K, committed 12336K, reserved 1048576K
}
Event: 344.312 GC heap after
{Heap after GC invocations=291 (full 30):
 garbage-first heap   total 331776K, used 105154K [0x0000000700000000, 0x0000000700100a20, 0x00000007c0000000)
  region size 1024K, 1 young (1024K), 1 survivors (1024K)
 Metaspace       used 82726K, capacity 88760K, committed 88880K, reserved 1126400K
  class space    used 11175K, capacity 12238K, committed 12336K, reserved 1048576K
}
Event: 346.634 GC heap before
{Heap before GC invocations=291 (full 30):
 garbage-first heap   total 331776K, used 165570K [0x0000000700000000, 0x0000000700100a20, 0x00000007c0000000)
  region size 1024K, 60 young (61440K), 1 survivors (1024K)
 Metaspace       used 82756K, capacity 88766K, committed 88880K, reserved 1126400K
  class space    used 11176K, capacity 12239K, committed 12336K, reserved 1048576K
}
Event: 346.638 GC heap after
{Heap after GC invocations=292 (full 30):
 garbage-first heap   total 331776K, used 106283K [0x0000000700000000, 0x0000000700100a20, 0x00000007c0000000)
  region size 1024K, 2 young (2048K), 2 survivors (2048K)
 Metaspace       used 82756K, capacity 88766K, committed 88880K, reserved 1126400K
  class space    used 11176K, capacity 12239K, committed 12336K, reserved 1048576K
}
Event: 348.297 GC heap before
{Heap before GC invocations=292 (full 30):
 garbage-first heap   total 331776K, used 165675K [0x0000000700000000, 0x0000000700100a20, 0x00000007c0000000)
  region size 1024K, 61 young (62464K), 2 survivors (2048K)
 Metaspace       used 82756K, capacity 88766K, committed 88880K, reserved 1126400K
  class space    used 11176K, capacity 12239K, committed 12336K, reserved 1048576K
}
Event: 348.300 GC heap after
{Heap after GC invocations=293 (full 30):
 garbage-first heap   total 331776K, used 105978K [0x0000000700000000, 0x0000000700100a20, 0x00000007c0000000)
  region size 1024K, 2 young (2048K), 2 survivors (2048K)
 Metaspace       used 82756K, capacity 88766K, committed 88880K, reserved 1126400K
  class space    used 11176K, capacity 12239K, committed 12336K, reserved 1048576K
}
Event: 353.915 GC heap before
{Heap before GC invocations=293 (full 30):
 garbage-first heap   total 331776K, used 165370K [0x0000000700000000, 0x0000000700100a20, 0x00000007c0000000)
  region size 1024K, 60 young (61440K), 2 survivors (2048K)
 Metaspace       used 82760K, capacity 88830K, committed 89136K, reserved 1126400K
  class space    used 11176K, capacity 12239K, committed 12336K, reserved 1048576K
}
Event: 353.922 GC heap after
{Heap after GC invocations=294 (full 30):
 garbage-first heap   total 331776K, used 106139K [0x0000000700000000, 0x0000000700100a20, 0x00000007c0000000)
  region size 1024K, 2 young (2048K), 2 survivors (2048K)
 Metaspace       used 82760K, capacity 88830K, committed 89136K, reserved 1126400K
  class space    used 11176K, capacity 12239K, committed 12336K, reserved 1048576K
}
Event: 355.973 GC heap before
{Heap before GC invocations=294 (full 30):
 garbage-first heap   total 331776K, used 165531K [0x0000000700000000, 0x0000000700100a20, 0x00000007c0000000)
  region size 1024K, 60 young (61440K), 2 survivors (2048K)
 Metaspace       used 82777K, capacity 88830K, committed 89136K, reserved 1126400K
  class space    used 11176K, capacity 12239K, committed 12336K, reserved 1048576K
}
Event: 355.975 GC heap after
{Heap after GC invocations=295 (full 30):
 garbage-first heap   total 331776K, used 105481K [0x0000000700000000, 0x0000000700100a20, 0x00000007c0000000)
  region size 1024K, 2 young (2048K), 2 survivors (2048K)
 Metaspace       used 82777K, capacity 88830K, committed 89136K, reserved 1126400K
  class space    used 11176K, capacity 12239K, committed 12336K, reserved 1048576K
}

