# JRE version: Java(TM) SE Runtime Environment (9.0+11) (build 9.0.4+11)
# Java VM: Java HotSpot(TM) 64-Bit Server VM (9.0.4+11, mixed mode, tiered, compressed oops, g1 gc, windows-amd64)
Heap:
 garbage-first heap   total 374784K, used 150610K [0x0000000700000000, 0x0000000700100b70, 0x00000007c0000000)
  region size 1024K, 37 young (37888K), 2 survivors (2048K)
 Metaspace       used 90546K, capacity 92544K, committed 100656K, reserved 1136640K
  class space    used 11707K, capacity 12140K, committed 13872K, reserved 1048576K
GC Heap History (10 events):
Event: 10568.444 GC heap before
{Heap before GC invocations=1213 (full 79):
 garbage-first heap   total 374784K, used 121336K [0x0000000700000000, 0x0000000700100b70, 0x00000007c0000000)
  region size 1024K, 3 young (3072K), 0 survivors (0K)
 Metaspace       used 90519K, capacity 92480K, committed 100656K, reserved 1136640K
  class space    used 11706K, capacity 12140K, committed 13872K, reserved 1048576K
}
Event: 10568.681 GC heap after
{Heap after GC invocations=1214 (full 80):
 garbage-first heap   total 374784K, used 114188K [0x0000000700000000, 0x0000000700100b70, 0x00000007c0000000)
  region size 1024K, 0 young (0K), 0 survivors (0K)
 Metaspace       used 90519K, capacity 92480K, committed 100656K, reserved 1136640K
  class space    used 11706K, capacity 12140K, committed 13872K, reserved 1048576K
}
Event: 10569.010 GC heap before
{Heap before GC invocations=1214 (full 80):
 garbage-first heap   total 374784K, used 122380K [0x0000000700000000, 0x0000000700100b70, 0x00000007c0000000)
  region size 1024K, 9 young (9216K), 0 survivors (0K)
 Metaspace       used 90519K, capacity 92480K, committed 100656K, reserved 1136640K
  class space    used 11706K, capacity 12140K, committed 13872K, reserved 1048576K
}
Event: 10569.251 GC heap after
{Heap after GC invocations=1215 (full 81):
 garbage-first heap   total 374784K, used 114454K [0x0000000700000000, 0x0000000700100b70, 0x00000007c0000000)
  region size 1024K, 0 young (0K), 0 survivors (0K)
 Metaspace       used 90519K, capacity 92480K, committed 100656K, reserved 1136640K
  class space    used 11706K, capacity 12140K, committed 13872K, reserved 1048576K
}
Event: 10594.434 GC heap before
{Heap before GC invocations=1215 (full 81):
 garbage-first heap   total 374784K, used 175894K [0x0000000700000000, 0x0000000700100b70, 0x00000007c0000000)
  region size 1024K, 60 young (61440K), 0 survivors (0K)
 Metaspace       used 90519K, capacity 92480K, committed 100656K, reserved 1136640K
  class space    used 11706K, capacity 12140K, committed 13872K, reserved 1048576K
}
Event: 10594.439 GC heap after
{Heap after GC invocations=1216 (full 81):
 garbage-first heap   total 374784K, used 115712K [0x0000000700000000, 0x0000000700100b70, 0x00000007c0000000)
  region size 1024K, 2 young (2048K), 2 survivors (2048K)
 Metaspace       used 90519K, capacity 92480K, committed 100656K, reserved 1136640K
  class space    used 11706K, capacity 12140K, committed 13872K, reserved 1048576K
}
Event: 10594.830 GC heap before
{Heap before GC invocations=1216 (full 81):
 garbage-first heap   total 374784K, used 175104K [0x0000000700000000, 0x0000000700100b70, 0x00000007c0000000)
  region size 1024K, 60 young (61440K), 2 survivors (2048K)
 Metaspace       used 90545K, capacity 92544K, committed 100656K, reserved 1136640K
  class space    used 11706K, capacity 12140K, committed 13872K, reserved 1048576K
}
Event: 10594.834 GC heap after
{Heap after GC invocations=1217 (full 81):
 garbage-first heap   total 374784K, used 115708K [0x0000000700000000, 0x0000000700100b70, 0x00000007c0000000)
  region size 1024K, 2 young (2048K), 2 survivors (2048K)
 Metaspace       used 90545K, capacity 92544K, committed 100656K, reserved 1136640K
  class space    used 11706K, capacity 12140K, committed 13872K, reserved 1048576K
}
Event: 10597.221 GC heap before
{Heap before GC invocations=1217 (full 81):
 garbage-first heap   total 374784K, used 175100K [0x0000000700000000, 0x0000000700100b70, 0x00000007c0000000)
  region size 1024K, 60 young (61440K), 2 survivors (2048K)
 Metaspace       used 90546K, capacity 92544K, committed 100656K, reserved 1136640K
  class space    used 11706K, capacity 12140K, committed 13872K, reserved 1048576K
}
Event: 10597.225 GC heap after
{Heap after GC invocations=1218 (full 81):
 garbage-first heap   total 374784K, used 115794K [0x0000000700000000, 0x0000000700100b70, 0x00000007c0000000)
  region size 1024K, 2 young (2048K), 2 survivors (2048K)
 Metaspace       used 90546K, capacity 92544K, committed 100656K, reserved 1136640K
  class space    used 11706K, capacity 12140K, committed 13872K, reserved 1048576K
}

