# JRE version: Java(TM) SE Runtime Environment (9.0+11) (build 9.0.4+11)
# Java VM: Java HotSpot(TM) 64-Bit Server VM (9.0.4+11, mixed mode, tiered, compressed oops, g1 gc, windows-amd64)
Heap:
 garbage-first heap   total 418816K, used 126193K [0x0000000700000000, 0x0000000700100cc8, 0x00000007c0000000)
  region size 1024K, 31 young (31744K), 1 survivors (1024K)
 Metaspace       used 88706K, capacity 92118K, committed 97200K, reserved 1132544K
  class space    used 11475K, capacity 12133K, committed 13232K, reserved 1048576K
GC Heap History (10 events):
Event: 6953.703 GC heap before
{Heap before GC invocations=1428 (full 353):
 garbage-first heap   total 306176K, used 156811K [0x0000000700000000, 0x0000000700100958, 0x00000007c0000000)
  region size 1024K, 60 young (61440K), 1 survivors (1024K)
 Metaspace       used 88706K, capacity 92118K, committed 97200K, reserved 1132544K
  class space    used 11475K, capacity 12133K, committed 13232K, reserved 1048576K
}
Event: 6953.705 GC heap after
{Heap after GC invocations=1429 (full 353):
 garbage-first heap   total 306176K, used 96412K [0x0000000700000000, 0x0000000700100958, 0x00000007c0000000)
  region size 1024K, 1 young (1024K), 1 survivors (1024K)
 Metaspace       used 88706K, capacity 92118K, committed 97200K, reserved 1132544K
  class space    used 11475K, capacity 12133K, committed 13232K, reserved 1048576K
}
Event: 6953.759 GC heap before
{Heap before GC invocations=1429 (full 353):
 garbage-first heap   total 306176K, used 156828K [0x0000000700000000, 0x0000000700100958, 0x00000007c0000000)
  region size 1024K, 60 young (61440K), 1 survivors (1024K)
 Metaspace       used 88706K, capacity 92118K, committed 97200K, reserved 1132544K
  class space    used 11475K, capacity 12133K, committed 13232K, reserved 1048576K
}
Event: 6953.762 GC heap after
{Heap after GC invocations=1430 (full 353):
 garbage-first heap   total 306176K, used 96449K [0x0000000700000000, 0x0000000700100958, 0x00000007c0000000)
  region size 1024K, 1 young (1024K), 1 survivors (1024K)
 Metaspace       used 88706K, capacity 92118K, committed 97200K, reserved 1132544K
  class space    used 11475K, capacity 12133K, committed 13232K, reserved 1048576K
}
Event: 6953.820 GC heap before
{Heap before GC invocations=1430 (full 353):
 garbage-first heap   total 306176K, used 156865K [0x0000000700000000, 0x0000000700100958, 0x00000007c0000000)
  region size 1024K, 60 young (61440K), 1 survivors (1024K)
 Metaspace       used 88706K, capacity 92118K, committed 97200K, reserved 1132544K
  class space    used 11475K, capacity 12133K, committed 13232K, reserved 1048576K
}
Event: 6953.823 GC heap after
{Heap after GC invocations=1431 (full 353):
 garbage-first heap   total 306176K, used 96453K [0x0000000700000000, 0x0000000700100958, 0x00000007c0000000)
  region size 1024K, 1 young (1024K), 1 survivors (1024K)
 Metaspace       used 88706K, capacity 92118K, committed 97200K, reserved 1132544K
  class space    used 11475K, capacity 12133K, committed 13232K, reserved 1048576K
}
Event: 6953.876 GC heap before
{Heap before GC invocations=1431 (full 353):
 garbage-first heap   total 306176K, used 156869K [0x0000000700000000, 0x0000000700100958, 0x00000007c0000000)
  region size 1024K, 60 young (61440K), 1 survivors (1024K)
 Metaspace       used 88706K, capacity 92118K, committed 97200K, reserved 1132544K
  class space    used 11475K, capacity 12133K, committed 13232K, reserved 1048576K
}
Event: 6953.882 GC heap after
{Heap after GC invocations=1432 (full 353):
 garbage-first heap   total 418816K, used 96486K [0x0000000700000000, 0x0000000700100cc8, 0x00000007c0000000)
  region size 1024K, 1 young (1024K), 1 survivors (1024K)
 Metaspace       used 88706K, capacity 92118K, committed 97200K, reserved 1132544K
  class space    used 11475K, capacity 12133K, committed 13232K, reserved 1048576K
}
Event: 6953.959 GC heap before
{Heap before GC invocations=1432 (full 353):
 garbage-first heap   total 418816K, used 156902K [0x0000000700000000, 0x0000000700100cc8, 0x00000007c0000000)
  region size 1024K, 60 young (61440K), 1 survivors (1024K)
 Metaspace       used 88706K, capacity 92118K, committed 97200K, reserved 1132544K
  class space    used 11475K, capacity 12133K, committed 13232K, reserved 1048576K
}
Event: 6953.962 GC heap after
{Heap after GC invocations=1433 (full 353):
 garbage-first heap   total 418816K, used 96497K [0x0000000700000000, 0x0000000700100cc8, 0x00000007c0000000)
  region size 1024K, 1 young (1024K), 1 survivors (1024K)
 Metaspace       used 88706K, capacity 92118K, committed 97200K, reserved 1132544K
  class space    used 11475K, capacity 12133K, committed 13232K, reserved 1048576K
}

