# JRE version: Java(TM) SE Runtime Environment (9.0+11) (build 9.0.4+11)
# Java VM: Java HotSpot(TM) 64-Bit Server VM (9.0.4+11, mixed mode, tiered, compressed oops, g1 gc, windows-amd64)
Heap:
 garbage-first heap   total 369664K, used 193423K [0x0000000700000000, 0x0000000700100b48, 0x00000007c0000000)
  region size 1024K, 58 young (59392K), 2 survivors (2048K)
 Metaspace       used 109805K, capacity 113766K, committed 116400K, reserved 1148928K
  class space    used 15266K, capacity 15995K, committed 16560K, reserved 1048576K
GC Heap History (10 events):
Event: 28023.006 GC heap before
{Heap before GC invocations=2462 (full 104):
 garbage-first heap   total 369664K, used 196988K [0x0000000700000000, 0x0000000700100b48, 0x00000007c0000000)
  region size 1024K, 60 young (61440K), 1 survivors (1024K)
 Metaspace       used 109805K, capacity 113766K, committed 116400K, reserved 1148928K
  class space    used 15266K, capacity 15995K, committed 16560K, reserved 1048576K
}
Event: 28023.009 GC heap after
{Heap after GC invocations=2463 (full 104):
 garbage-first heap   total 369664K, used 136572K [0x0000000700000000, 0x0000000700100b48, 0x00000007c0000000)
  region size 1024K, 1 young (1024K), 1 survivors (1024K)
 Metaspace       used 109805K, capacity 113766K, committed 116400K, reserved 1148928K
  class space    used 15266K, capacity 15995K, committed 16560K, reserved 1048576K
}
Event: 28064.129 GC heap before
{Heap before GC invocations=2463 (full 104):
 garbage-first heap   total 369664K, used 196988K [0x0000000700000000, 0x0000000700100b48, 0x00000007c0000000)
  region size 1024K, 60 young (61440K), 1 survivors (1024K)
 Metaspace       used 109805K, capacity 113766K, committed 116400K, reserved 1148928K
  class space    used 15266K, capacity 15995K, committed 16560K, reserved 1048576K
}
Event: 28064.132 GC heap after
{Heap after GC invocations=2464 (full 104):
 garbage-first heap   total 369664K, used 136495K [0x0000000700000000, 0x0000000700100b48, 0x00000007c0000000)
  region size 1024K, 1 young (1024K), 1 survivors (1024K)
 Metaspace       used 109805K, capacity 113766K, committed 116400K, reserved 1148928K
  class space    used 15266K, capacity 15995K, committed 16560K, reserved 1048576K
}
Event: 28104.683 GC heap before
{Heap before GC invocations=2464 (full 104):
 garbage-first heap   total 369664K, used 196911K [0x0000000700000000, 0x0000000700100b48, 0x00000007c0000000)
  region size 1024K, 60 young (61440K), 1 survivors (1024K)
 Metaspace       used 109805K, capacity 113766K, committed 116400K, reserved 1148928K
  class space    used 15266K, capacity 15995K, committed 16560K, reserved 1048576K
}
Event: 28104.685 GC heap after
{Heap after GC invocations=2465 (full 104):
 garbage-first heap   total 369664K, used 136497K [0x0000000700000000, 0x0000000700100b48, 0x00000007c0000000)
  region size 1024K, 1 young (1024K), 1 survivors (1024K)
 Metaspace       used 109805K, capacity 113766K, committed 116400K, reserved 1148928K
  class space    used 15266K, capacity 15995K, committed 16560K, reserved 1048576K
}
Event: 28137.512 GC heap before
{Heap before GC invocations=2465 (full 104):
 garbage-first heap   total 369664K, used 196913K [0x0000000700000000, 0x0000000700100b48, 0x00000007c0000000)
  region size 1024K, 60 young (61440K), 1 survivors (1024K)
 Metaspace       used 109805K, capacity 113766K, committed 116400K, reserved 1148928K
  class space    used 15266K, capacity 15995K, committed 16560K, reserved 1048576K
}
Event: 28137.520 GC heap after
{Heap after GC invocations=2466 (full 104):
 garbage-first heap   total 369664K, used 136616K [0x0000000700000000, 0x0000000700100b48, 0x00000007c0000000)
  region size 1024K, 1 young (1024K), 1 survivors (1024K)
 Metaspace       used 109805K, capacity 113766K, committed 116400K, reserved 1148928K
  class space    used 15266K, capacity 15995K, committed 16560K, reserved 1048576K
}
Event: 28138.775 GC heap before
{Heap before GC invocations=2466 (full 104):
 garbage-first heap   total 369664K, used 197032K [0x0000000700000000, 0x0000000700100b48, 0x00000007c0000000)
  region size 1024K, 60 young (61440K), 1 survivors (1024K)
 Metaspace       used 109805K, capacity 113766K, committed 116400K, reserved 1148928K
  class space    used 15266K, capacity 15995K, committed 16560K, reserved 1048576K
}
Event: 28138.780 GC heap after
{Heap after GC invocations=2467 (full 104):
 garbage-first heap   total 369664K, used 137103K [0x0000000700000000, 0x0000000700100b48, 0x00000007c0000000)
  region size 1024K, 2 young (2048K), 2 survivors (2048K)
 Metaspace       used 109805K, capacity 113766K, committed 116400K, reserved 1148928K
  class space    used 15266K, capacity 15995K, committed 16560K, reserved 1048576K
}

